0 info it worked if it ends with ok
1 verbose cli [ 'node', '/usr/local/bin/npm', 'install', 'angular-slick' ]
2 info using npm@1.3.24
3 info using node@v0.10.25
4 verbose readDependencies using package.json deps
5 verbose cache add [ 'angular-slick', null ]
6 verbose cache add name=undefined spec="angular-slick" args=["angular-slick",null]
7 verbose parsed url { protocol: null,
7 verbose parsed url   slashes: null,
7 verbose parsed url   auth: null,
7 verbose parsed url   host: null,
7 verbose parsed url   port: null,
7 verbose parsed url   hostname: null,
7 verbose parsed url   hash: null,
7 verbose parsed url   search: null,
7 verbose parsed url   query: null,
7 verbose parsed url   pathname: 'angular-slick',
7 verbose parsed url   path: 'angular-slick',
7 verbose parsed url   href: 'angular-slick' }
8 silly lockFile 5be26d07-angular-slick angular-slick
9 verbose lock angular-slick /Users/andreykondratyuk/.npm/5be26d07-angular-slick.lock
10 silly lockFile 5be26d07-angular-slick angular-slick
11 silly lockFile 5be26d07-angular-slick angular-slick
12 verbose addNamed [ 'angular-slick', '' ]
13 verbose addNamed [ null, '*' ]
14 silly lockFile 3ef68d52-angular-slick angular-slick@
15 verbose lock angular-slick@ /Users/andreykondratyuk/.npm/3ef68d52-angular-slick.lock
16 silly addNameRange { name: 'angular-slick', range: '*', hasData: false }
17 verbose url raw angular-slick
18 verbose url resolving [ 'https://registry.npmjs.org/', './angular-slick' ]
19 verbose url resolved https://registry.npmjs.org/angular-slick
20 info trying registry request attempt 1 at 13:00:02
21 http GET https://registry.npmjs.org/angular-slick
22 http 404 https://registry.npmjs.org/angular-slick
23 silly registry.get cb [ 404,
23 silly registry.get   { date: 'Wed, 01 Oct 2014 16:59:56 GMT',
23 silly registry.get     server: 'CouchDB/1.5.0 (Erlang OTP/R16B03)',
23 silly registry.get     'content-type': 'application/json',
23 silly registry.get     'cache-control': 'max-age=0',
23 silly registry.get     'content-length': '52',
23 silly registry.get     'accept-ranges': 'bytes',
23 silly registry.get     via: '1.1 varnish',
23 silly registry.get     age: '0',
23 silly registry.get     'x-served-by': 'cache-atl6221-ATL',
23 silly registry.get     'x-cache': 'MISS',
23 silly registry.get     'x-cache-hits': '0',
23 silly registry.get     'x-timer': 'S1412182796.621268,VS0,VE312',
23 silly registry.get     'keep-alive': 'timeout=10, max=50',
23 silly registry.get     connection: 'Keep-Alive' } ]
24 silly lockFile 3ef68d52-angular-slick angular-slick@
25 silly lockFile 3ef68d52-angular-slick angular-slick@
26 error 404 'angular-slick' is not in the npm registry.
26 error 404 You should bug the author to publish it
26 error 404 It was specified as a dependency of 'node-js-getting-started'
26 error 404
26 error 404 Note that you can also install from a
26 error 404 tarball, folder, or http url, or git url.
27 error System Darwin 13.3.0
28 error command "node" "/usr/local/bin/npm" "install" "angular-slick"
29 error cwd /Applications/MAMP/htdocs/Curious-World-P2
30 error node -v v0.10.25
31 error npm -v 1.3.24
32 error code E404
33 verbose exit [ 1, true ]
